
> shape-certo-backend@0.0.1 dev
> node --watch src/server.js

Shape Certo API running on http://localhost:3333
Restarting 'src/server.js'
Failed running 'src/server.js'. Waiting for file changes before restarting...
Restarting 'src/server.js'
Shape Certo API running on http://localhost:3333
Restarting 'src/server.js'
Shape Certo API running on http://localhost:3333
Restarting 'src/server.js'
Restarting 'src/server.js'
Shape Certo API running on http://localhost:3333
Restarting 'src/server.js'
Shape Certo API running on http://localhost:3333
Restarting 'src/server.js'
Failed running 'src/server.js'. Waiting for file changes before restarting...
Restarting 'src/server.js'
Shape Certo API running on http://localhost:3333
Restarting 'src/server.js'
Shape Certo API running on http://localhost:3333
Restarting 'src/server.js'
Shape Certo API running on http://localhost:3333
Restarting 'src/server.js'
Failed running 'src/server.js'. Waiting for file changes before restarting...
Restarting 'src/server.js'
Shape Certo API running on http://localhost:3333
Restarting 'src/server.js'
Restarting 'src/server.js'
Shape Certo API running on http://localhost:3333
Restarting 'src/server.js'
Failed running 'src/server.js'. Waiting for file changes before restarting...
Restarting 'src/server.js'
Failed running 'src/server.js'. Waiting for file changes before restarting...
Restarting 'src/server.js'
Shape Certo API running on http://localhost:3333
Restarting 'src/server.js'
Failed running 'src/server.js'. Waiting for file changes before restarting...
Restarting 'src/server.js'
Shape Certo API running on http://localhost:3333
Restarting 'src/server.js'
Failed running 'src/server.js'. Waiting for file changes before restarting...
Restarting 'src/server.js'
Shape Certo API running on http://localhost:3333
Restarting 'src/server.js'
Failed running 'src/server.js'. Waiting for file changes before restarting...
Restarting 'src/server.js'
Shape Certo API running on http://localhost:3333
Restarting 'src/server.js'
Shape Certo API running on http://localhost:3333
er.js'
Failed running 'src/server.js'. Waiting for file changes before restarting...
Restarting 'src/server.js'
Shape Certo API running on http://localhost:3333
Restarting 'src/server.js'
Failed running 'src/server.js'. Waiting for file changes before restarting...
Restarting 'src/server.js'
Restarting 'src/server.js'
Restarting 'src/server.js'
Shape Certo API running on http://localhost:3333
Restarting 'src/server.js'
Restarting 'src/server.js'
Restarting 'src/server.js'
Shape Certo API running on http://localhost:3333
Restarting 'src/server.js'
